<?xml version="1.0" encoding="UTF-8"?>
<!-- Generated by org.testng.reporters.JUnitReportReporter -->
<testsuite hostname="LAPTOP-NLS4GDVP" failures="0" tests="1" name="pkg_day10.login_Page" time="28.879" errors="0" timestamp="2024-02-03T09:53:49 EST" skipped="0">
  <testcase classname="pkg_day10.login_Page" name="login_page_validation" time="28.879"/>
</testsuite> <!-- pkg_day10.login_Page -->
